<?xml version="1.0" encoding="UTF-8"?>
<!-- Generated by org.testng.reporters.JUnitReportReporter -->
<testsuite hostname="Tufail-Vivo" failures="0" tests="2" name="Academy.HomePage" time="25.573" errors="0" timestamp="2020-06-26T13:55:55 EDT" skipped="0">
  <testcase classname="Academy.HomePage" name="basePageNavigation" time="9.552"/>
  <system-out/>
  <testcase classname="Academy.HomePage" name="basePageNavigation" time="16.021"/>
  <system-out/>
</testsuite> <!-- Academy.HomePage -->
